Arguments: 
  /home/zeuor/.nvm/versions/node/v14.15.1/bin/node /usr/share/yarn/bin/yarn.js start:server

PATH: 
  /home/zeuor/Android/flutter_stable/flutter/bin:/home/zeuor/bin:/home/zeuor/.local/bin:/home/zeuor/.nvm/versions/node/v14.15.1/bin:/home/zeuor/Android/flutter_stable/flutter/bin:/home/zeuor/bin:/home/zeuor/.local/bin:/usr/local/sbin:/usr/local/bin:/usr/sbin:/usr/bin:/sbin:/bin:/usr/games:/usr/local/games:/snap/bin

Yarn version: 
  1.22.15

Node version: 
  14.15.1

Platform: 
  linux x64

Trace: 
  SyntaxError: /home/zeuor/Documents/my-coding-test/server/package.json: Unexpected string in JSON at position 624
      at JSON.parse (<anonymous>)
      at /usr/share/yarn/lib/cli.js:1625:59
      at Generator.next (<anonymous>)
      at step (/usr/share/yarn/lib/cli.js:310:30)
      at /usr/share/yarn/lib/cli.js:321:13

npm manifest: 
  {
      "name": "my-coding-test",
      "version": "1.0.0",
      "description": "Coding Test",
      "main": "index.js",
      "scripts": {
          "copyData": "cp ./src/partners.json ./build",
          "build": "rimraf ./build && tsc",
          "build:client": "cd ../client && yarn build",
          "build:server": "yarn build && yarn copyData",
          "build:all": "yarn build:server && yarn build:client",
          "client": "cd ../client && yarn start",
          "server": "nodemon index.js",
          "dev": "concurrently --kill-others-on-fail \"yarn server\" \"yarn client\"",
          "start:server": "node build/index.js"
          "start": "concurrently --kill-others-on-fail \"yarn server\" \"yarn client\"",
          "heroku-postbuild": "cd ../client && npm install && npm install --only=dev --no-shrinkwrap && npm run build"
      },
      "husky": {
          "hooks": {
              "pre-commit": "npm run test && npm run prettier-format && npm run lint"
          }
      },
      "keywords": [],
      "author": "",
      "license": "ISC",
      "devDependencies": {
          "@types/express": "^4.17.13",
          "@types/jest": "^26.0.14",
          "@types/node": "^12.7.2",
          "@typescript-eslint/eslint-plugin": "^2.21.0",
          "@typescript-eslint/parser": "^2.21.0",
          "eslint": "^6.8.0",
          "eslint-config-prettier": "^6.10.0",
          "eslint-plugin-prettier": "^3.1.2",
          "husky": "^4.2.3",
          "nodemon": "^1.19.1",
          "onchange": "^6.1.0",
          "prettier": "^1.19.1",
          "rimraf": "^3.0.2",
          "run-script-os": "^1.1.1",
          "ts-node": "^8.3.0",
          "typescript": "^4.0.3"
      },
      "dependencies": {
          "eslint-plugin-jest": "^24.1.0",
          "express": "^4.17.1",
          "jest": "^26.5.3",
          "ts-jest": "^26.4.1"
      }
  }

yarn manifest: 
  No manifest

Lockfile: 
  No lockfile
